This is pdfTeX, Version 3.14159265-2.6-1.40.20 (MiKTeX 2.9.7000 64-bit) (preloaded format=pdflatex 2019.4.27)  25 MAY 2019 14:48
entering extended mode
**dokument.texpdflatex.exe dokument.texpdflatex.exe dokument.texpdflatex.exe do
kument.texpdflatex.exe dokument.texpdflatex.exe dokument.texpdflatex.exe dokume
nt.texpdflatex.exe dokument.texpdflatex.exe dokument.texpdflatex.exe dokument.t
expdflatex.exe dokument.texpdflatex.exe dokument.texpdflatex.exe dokument.texpd
flatex.exe dokument.texpdflatex.exe dokument.texpdflatex.exe dokument.texpdflat
ex.exe dokument.texpdflatex.exe dokument.texpdflatex.exe dokument.texpdflatex.e
xe dokument.texpdflatex.exe dokument.texpdflatex.exe dokument.texpdflatex.exe d
okument.texpdflatex.exe dokument.texpdflatex.exe dokument.texpdflatex.exe dokum
ent.texpdflatex.exe dokument.texpdflatex.exe dokument.texpdflatex.exe dokument.
texpdflatex.exe dokument.texpdflatex.exe dokument.texpdflatex.exe dokument.texp
dflatex.exe dokument.texpdflatex.exe dokument.tex

! Emergency stop.
<*> dokument.texpdflatex.exe 
                             dokument.texpdflatex.exe dokument.texpdflatex.e...
*** (job aborted, file error in nonstop mode)

 
Here is how much of TeX's memory you used:
 3 strings out of 492897
 34 string characters out of 3123754
 56921 words of memory out of 3000000
 4021 multiletter control sequences out of 15000+200000
 3640 words of font info for 14 fonts, out of 3000000 for 9000
 1141 hyphenation exceptions out of 8191
 0i,0n,0p,1b,6s stack positions out of 5000i,500n,10000p,200000b,50000s
!  ==> Fatal error occurred, no output PDF file produced!
